= Host-specific information ====================================================
$> hostname; uname -msr
e3r8p3.unit.ua
Darwin 17.0.0 x86_64
$> date
Fri Oct 13 10:18:03 EEST 2017
$> gcc --version
Configured with: --prefix=/Applications/Xcode.app/Contents/Developer/usr --with-gxx-include-dir=/Applications/Xcode.app/Contents/Developer/Platforms/MacOSX.platform/Developer/SDKs/MacOSX10.13.sdk/usr/include/c++/4.2.1
Apple LLVM version 9.0.0 (clang-900.0.34.1)
Target: x86_64-apple-darwin17.0.0
Thread model: posix
InstalledDir: /Applications/Xcode.app/Contents/Developer/Toolchains/XcodeDefault.xctoolchain/usr/bin
$> clang --version
Apple LLVM version 9.0.0 (clang-900.0.34.1)
Target: x86_64-apple-darwin17.0.0
Thread model: posix
InstalledDir: /Applications/Xcode.app/Contents/Developer/Toolchains/XcodeDefault.xctoolchain/usr/bin

= User files collection ========================================================
Collecting user files from Vogsphere
Repository URL: auto-exam/2017/piscine-c-exam-final/exam_20171013/vdzhanaz

= Git history ==================================================================
$> git -C /var/folders/rg/msr5s9nd7gb15qw4m6nzdkm00000gp/T/tmpmqzX8b/user log --pretty='%H - %an, %ad : %s'
8dde2766e56cd801cb47fb3ae40b64ce2dd76d69 - Exam 42, Fri Oct 13 10:17:11 2017 +0300 : alpha
 
= Collected files ==========================================
$> ls -lAR /var/folders/rg/msr5s9nd7gb15qw4m6nzdkm00000gp/T/tmpmqzX8b/user
total 8
-rw-r--r--  1 deepthought  deepthought  234 Oct 13 10:18 __GIT_HISTORY
drwxr-xr-x  3 deepthought  deepthought  102 Oct 13 10:18 maff_alpha

/var/folders/rg/msr5s9nd7gb15qw4m6nzdkm00000gp/T/tmpmqzX8b/user/maff_alpha:
total 8
-rw-r--r--  1 deepthought  deepthought  1095 Oct 13 10:18 maff_alpha.c
 
= maff_alpha ===================================================================
$> gcc -Wextra -Wall -Werror maff_alpha.c -o user_exe 

= Test 1 ===================================================
$> ./awsfus0fiq2pddtbdx504udw test1.prm
$> diff -U 3 user_output_test1 test1.output | cat -e

Diff OK :D
Grade: 1

= Final grade: 1 ===============================================================
