= Host-specific information ====================================================
$> hostname; uname -msr
e1r11p1.unit.ua
Darwin 15.5.0 x86_64
$> date
Fri Oct 13 10:31:13 EEST 2017
$> gcc --version
Configured with: --prefix=/Applications/Xcode.app/Contents/Developer/usr --with-gxx-include-dir=/usr/include/c++/4.2.1
Apple LLVM version 8.0.0 (clang-800.0.42.1)
Target: x86_64-apple-darwin15.5.0
Thread model: posix
InstalledDir: /Applications/Xcode.app/Contents/Developer/Toolchains/XcodeDefault.xctoolchain/usr/bin
$> clang --version
Apple LLVM version 8.0.0 (clang-800.0.42.1)
Target: x86_64-apple-darwin15.5.0
Thread model: posix
InstalledDir: /Applications/Xcode.app/Contents/Developer/Toolchains/XcodeDefault.xctoolchain/usr/bin

= User files collection ========================================================
Collecting user files from Vogsphere
Repository URL: auto-exam/2017/piscine-c-exam-final/exam_20171013/vdzhanaz

= Git history ==================================================================
$> git -C /var/folders/8z/s5mgjv791bgc8c9yrkpjlx1c0000gq/T/tmpouKkh5/user log --pretty='%H - %an, %ad : %s'
6163bbd69d96eff1bdd4851c14a20d0dac83cd6f - Exam 42, Fri Oct 13 10:30:37 2017 +0300 : swap
8dde2766e56cd801cb47fb3ae40b64ce2dd76d69 - Exam 42, Fri Oct 13 10:17:11 2017 +0300 : alpha
 
= Collected files ==========================================
$> ls -lAR /var/folders/8z/s5mgjv791bgc8c9yrkpjlx1c0000gq/T/tmpouKkh5/user
total 8
-rw-r--r--  1 deepthought  deepthought  448 Oct 13 10:31 __GIT_HISTORY
drwxr-xr-x  3 deepthought  deepthought  102 Oct 13 10:31 ft_swap
drwxr-xr-x  3 deepthought  deepthought  102 Oct 13 10:31 maff_alpha

/var/folders/8z/s5mgjv791bgc8c9yrkpjlx1c0000gq/T/tmpouKkh5/user/ft_swap:
total 8
-rw-r--r--  1 deepthought  deepthought  970 Oct 13 10:31 ft_swap.c

/var/folders/8z/s5mgjv791bgc8c9yrkpjlx1c0000gq/T/tmpouKkh5/user/maff_alpha:
total 8
-rw-r--r--  1 deepthought  deepthought  1095 Oct 13 10:31 maff_alpha.c
 
= ft_swap ======================================================================
$> gcc -Wextra -Wall -Werror ft_swap.c main.c -o user_exe 

= Test 1 ===================================================
$> ./mn9rzo5sl4hz7owv3nuh76w8 "205276975" "-1742323665"
$> diff -U 3 user_output_test1 test1.output | cat -e

Diff OK :D
= Test 2 ===================================================
$> ./10nmqqpxou7iai4ak5mnsw25 "730175963" "-661175114"
$> diff -U 3 user_output_test2 test2.output | cat -e

Diff OK :D
= Test 3 ===================================================
$> ./ygc8vw3gkyder3ooqmmv2vmb "137878015" "2016504485"
$> diff -U 3 user_output_test3 test3.output | cat -e

Diff OK :D
= Test 4 ===================================================
$> ./zvosbaou10ozunwckvn746yv "-2104142308" "12859245"
$> diff -U 3 user_output_test4 test4.output | cat -e

Diff OK :D
= Test 5 ===================================================
$> ./9f552ezfmoej0qpmz7dazb9b "127347943" "368115514"
$> diff -U 3 user_output_test5 test5.output | cat -e

Diff OK :D
= Test 6 ===================================================
$> ./896tkt66i6b49hvltmn9t1ev "309145751" "-337045402"
$> diff -U 3 user_output_test6 test6.output | cat -e

Diff OK :D
= Test 7 ===================================================
$> ./dese1p3i6ihqvkid31i703xm "1951054612" "1524016298"
$> diff -U 3 user_output_test7 test7.output | cat -e

Diff OK :D
= Test 8 ===================================================
$> ./099rw2a6qc1epskozd4o78cb "825062070" "-1576154218"
$> diff -U 3 user_output_test8 test8.output | cat -e

Diff OK :D
= Test 9 ===================================================
$> ./gcces3w7ggbfc2rzyha69ivp "1838818938" "-1229443232"
$> diff -U 3 user_output_test9 test9.output | cat -e

Diff OK :D
Grade: 1

= Final grade: 1 ===============================================================
