= Host-specific information ====================================================
$> hostname; uname -msr
e1r5p15.unit.ua
Darwin 15.5.0 x86_64
$> date
Fri Oct 13 11:44:25 EEST 2017
$> gcc --version
Configured with: --prefix=/Applications/Xcode.app/Contents/Developer/usr --with-gxx-include-dir=/usr/include/c++/4.2.1
Apple LLVM version 8.0.0 (clang-800.0.42.1)
Target: x86_64-apple-darwin15.5.0
Thread model: posix
InstalledDir: /Applications/Xcode.app/Contents/Developer/Toolchains/XcodeDefault.xctoolchain/usr/bin
$> clang --version
Apple LLVM version 8.0.0 (clang-800.0.42.1)
Target: x86_64-apple-darwin15.5.0
Thread model: posix
InstalledDir: /Applications/Xcode.app/Contents/Developer/Toolchains/XcodeDefault.xctoolchain/usr/bin

= User files collection ========================================================
Collecting user files from Vogsphere
Repository URL: auto-exam/2017/piscine-c-exam-final/exam_20171013/vdzhanaz

= Git history ==================================================================
$> git -C /var/folders/c4/5ljdd01x5xs818v5hwq5zzsc0000gq/T/tmpdsQYW2/user log --pretty='%H - %an, %ad : %s'
7e672d880e3216ed70fa90c3f609b6f5f7403a62 - Exam 42, Fri Oct 13 11:43:54 2017 +0300 : hide
bbd4c5f50564a0abf4914da2e74bf4137f82e61a - Exam 42, Fri Oct 13 11:07:30 2017 +0300 : inter
6163bbd69d96eff1bdd4851c14a20d0dac83cd6f - Exam 42, Fri Oct 13 10:30:37 2017 +0300 : swap
8dde2766e56cd801cb47fb3ae40b64ce2dd76d69 - Exam 42, Fri Oct 13 10:17:11 2017 +0300 : alpha
 
= Collected files ==========================================
$> ls -lAR /var/folders/c4/5ljdd01x5xs818v5hwq5zzsc0000gq/T/tmpdsQYW2/user
total 8
-rw-r--r--  1 deepthought  deepthought  927 Oct 13 11:44 __GIT_HISTORY
drwxr-xr-x  3 deepthought  deepthought  102 Oct 13 11:44 ft_swap
drwxr-xr-x  3 deepthought  deepthought  102 Oct 13 11:44 hidenp
drwxr-xr-x  3 deepthought  deepthought  102 Oct 13 11:44 inter
drwxr-xr-x  3 deepthought  deepthought  102 Oct 13 11:44 maff_alpha

/var/folders/c4/5ljdd01x5xs818v5hwq5zzsc0000gq/T/tmpdsQYW2/user/ft_swap:
total 8
-rw-r--r--  1 deepthought  deepthought  970 Oct 13 11:44 ft_swap.c

/var/folders/c4/5ljdd01x5xs818v5hwq5zzsc0000gq/T/tmpdsQYW2/user/hidenp:
total 8
-rw-r--r--  1 deepthought  deepthought  1251 Oct 13 11:44 hidenp.c

/var/folders/c4/5ljdd01x5xs818v5hwq5zzsc0000gq/T/tmpdsQYW2/user/inter:
total 8
-rw-r--r--  1 deepthought  deepthought  1331 Oct 13 11:44 inter.c

/var/folders/c4/5ljdd01x5xs818v5hwq5zzsc0000gq/T/tmpdsQYW2/user/maff_alpha:
total 8
-rw-r--r--  1 deepthought  deepthought  1095 Oct 13 11:44 maff_alpha.c
 
= hidenp =======================================================================
$> gcc -Wextra -Wall -Werror hidenp.c -o user_exe 

= Test 1 ===================================================
$> ./5x5m973bmwzljzv9z3xykacs 
$> diff -U 3 user_output_test1 test1.output | cat -e

Diff OK :D
= Test 2 ===================================================
$> ./ed78e2k3gkrz8pjkj4nhsyeg "salut a tous tout le monde"
$> diff -U 3 user_output_test2 test2.output | cat -e

Diff OK :D
= Test 3 ===================================================
$> ./gwzc9s673rp58db8989dhb5a "salut" "a" "tous" "tout" "le" "monde"
$> diff -U 3 user_output_test3 test3.output | cat -e

Diff OK :D
= Test 4 ===================================================
$> ./7753nq7b3izbzul2pq47myqz "llo" "helllo"
$> diff -U 3 user_output_test4 test4.output | cat -e

Diff OK :D
= Test 5 ===================================================
$> ./qozvaa8lc63e2q02oz1vh0mn "u6wAPz" "aIif1"
$> diff -U 3 user_output_test5 test5.output | cat -e

Diff OK :D
= Test 6 ===================================================
$> ./difxftvcn4ybf8m8bchwo39f "PTK9Oh" "SPT4K9OMh"
$> diff -U 3 user_output_test6 test6.output | cat -e

Diff OK :D
= Test 7 ===================================================
$> ./69m6c929rqxuhg71dcg5ftxl "oN85cth" "oEbNg805cFt6vhp"
$> diff -U 3 user_output_test7 test7.output | cat -e

Diff OK :D
= Test 8 ===================================================
$> ./q3kti1vs6cz6417nh7x3eurr "9UV" "IR9ULV"
$> diff -U 3 user_output_test8 test8.output | cat -e

Diff OK :D
= Test 9 ===================================================
$> ./ctl9nl9ibajtcxwh7cpcntav "vcRH" "zvceRoH"
$> diff -U 3 user_output_test9 test9.output | cat -e

Diff OK :D
= Test 10 ==================================================
$> ./cevqxlhh4ww1odod9q5g6ht2 "5Wn9Lma8vrYTu6MAq" "SUX2eH"
$> diff -U 3 user_output_test10 test10.output | cat -e

Diff OK :D
= Test 11 ==================================================
$> ./merht0dj85msl1g1hqak9n7z "C2wiudg" "5kC2wxiuDdyg"
$> diff -U 3 user_output_test11 test11.output | cat -e

Diff OK :D
= Test 12 ==================================================
$> ./628dnvkeln0yg7dqt2bvqdep "EMx" "sEMOTxS"
$> diff -U 3 user_output_test12 test12.output | cat -e

Diff OK :D
= Test 13 ==================================================
$> ./37s71quvl2qp4h100hrvwnjb "BARH7s5" "6NmOUBRYrJ4Cd"
$> diff -U 3 user_output_test13 test13.output | cat -e

Diff OK :D
= Test 14 ==================================================
$> ./1i4xo14n6uz03n2u9kgd0xti "6tio10Y" "T1BscnWiISl5t7zfh"
$> diff -U 3 user_output_test14 test14.output | cat -e

Diff OK :D
= Test 15 ==================================================
$> ./m1n031rmvasi9h5yycuwtjcr "qmSU" "zqJmSCoUF"
$> diff -U 3 user_output_test15 test15.output | cat -e

Diff OK :D
= Test 16 ==================================================
$> ./b5i9k1bulsujgt1fofu9kidm "HCbmMpPJURILjF58A" "B9gLIx0CoFm"
$> diff -U 3 user_output_test16 test16.output | cat -e

Diff OK :D
= Test 17 ==================================================
$> ./k1d8kseh4hhu8vi0j7yyieen "PNVTOQa0RcwY45" "MgC87uURZm2W"
$> diff -U 3 user_output_test17 test17.output | cat -e

Diff OK :D
= Test 18 ==================================================
$> ./tf964rq1935bqbg71i0anmlo "W1RZmFUzxuHc5LQN" "6yxcE"
$> diff -U 3 user_output_test18 test18.output | cat -e

Diff OK :D
= Test 19 ==================================================
$> ./eqy7tmgir0lfnpbhqlo0tm1f "cQr" "13tWPO"
$> diff -U 3 user_output_test19 test19.output | cat -e

Diff OK :D
= Test 20 ==================================================
$> ./8aafrfkjqv3m0574z5ne9czg "65tyEHLsZjek7Cqh" "PZOQIU8"
$> diff -U 3 user_output_test20 test20.output | cat -e

Diff OK :D
Grade: 1

= Final grade: 1 ===============================================================
