= Host-specific information ====================================================
$> hostname; uname -msr
e1r8p5.unit.ua
Darwin 15.5.0 x86_64
$> date
Fri Oct 13 12:52:52 EEST 2017
$> gcc --version
Configured with: --prefix=/Applications/Xcode.app/Contents/Developer/usr --with-gxx-include-dir=/usr/include/c++/4.2.1
Apple LLVM version 8.0.0 (clang-800.0.42.1)
Target: x86_64-apple-darwin15.5.0
Thread model: posix
InstalledDir: /Applications/Xcode.app/Contents/Developer/Toolchains/XcodeDefault.xctoolchain/usr/bin
$> clang --version
Apple LLVM version 8.0.0 (clang-800.0.42.1)
Target: x86_64-apple-darwin15.5.0
Thread model: posix
InstalledDir: /Applications/Xcode.app/Contents/Developer/Toolchains/XcodeDefault.xctoolchain/usr/bin

= User files collection ========================================================
Collecting user files from Vogsphere
Repository URL: auto-exam/2017/piscine-c-exam-final/exam_20171013/vdzhanaz

= Git history ==================================================================
$> git -C /var/folders/yk/6pyb36_j2537yj59k018j75m0000gq/T/tmpsuDpag/user log --pretty='%H - %an, %ad : %s'
c2fe43af1fb159055e5b9143f8b80001a0fda055 - Exam 42, Fri Oct 13 12:52:21 2017 +0300 : list
7e672d880e3216ed70fa90c3f609b6f5f7403a62 - Exam 42, Fri Oct 13 11:43:54 2017 +0300 : hide
bbd4c5f50564a0abf4914da2e74bf4137f82e61a - Exam 42, Fri Oct 13 11:07:30 2017 +0300 : inter
6163bbd69d96eff1bdd4851c14a20d0dac83cd6f - Exam 42, Fri Oct 13 10:30:37 2017 +0300 : swap
8dde2766e56cd801cb47fb3ae40b64ce2dd76d69 - Exam 42, Fri Oct 13 10:17:11 2017 +0300 : alpha
 
= Collected files ==========================================
$> ls -lAR /var/folders/yk/6pyb36_j2537yj59k018j75m0000gq/T/tmpsuDpag/user
total 8
-rw-r--r--  1 deepthought  deepthought  1224 Oct 13 12:52 __GIT_HISTORY
drwxr-xr-x  4 deepthought  deepthought   136 Oct 13 12:52 ft_list_foreach
drwxr-xr-x  3 deepthought  deepthought   102 Oct 13 12:52 ft_swap
drwxr-xr-x  3 deepthought  deepthought   102 Oct 13 12:52 hidenp
drwxr-xr-x  3 deepthought  deepthought   102 Oct 13 12:52 inter
drwxr-xr-x  3 deepthought  deepthought   102 Oct 13 12:52 maff_alpha

/var/folders/yk/6pyb36_j2537yj59k018j75m0000gq/T/tmpsuDpag/user/ft_list_foreach:
total 16
-rw-r--r--  1 deepthought  deepthought  1013 Oct 13 12:52 ft_list.h
-rw-r--r--  1 deepthought  deepthought  1063 Oct 13 12:52 ft_list_foreach.c

/var/folders/yk/6pyb36_j2537yj59k018j75m0000gq/T/tmpsuDpag/user/ft_swap:
total 8
-rw-r--r--  1 deepthought  deepthought  970 Oct 13 12:52 ft_swap.c

/var/folders/yk/6pyb36_j2537yj59k018j75m0000gq/T/tmpsuDpag/user/hidenp:
total 8
-rw-r--r--  1 deepthought  deepthought  1251 Oct 13 12:52 hidenp.c

/var/folders/yk/6pyb36_j2537yj59k018j75m0000gq/T/tmpsuDpag/user/inter:
total 8
-rw-r--r--  1 deepthought  deepthought  1331 Oct 13 12:52 inter.c

/var/folders/yk/6pyb36_j2537yj59k018j75m0000gq/T/tmpsuDpag/user/maff_alpha:
total 8
-rw-r--r--  1 deepthought  deepthought  1095 Oct 13 12:52 maff_alpha.c
 
= ft_list_foreach ==============================================================
$> gcc -Wextra -Wall -Werror main.c ft_list_foreach.c -o user_exe 

= Test 1 ===================================================
$> ./bcavgp25an5eo84neqexj7m7 
$> diff -U 3 user_output_test1 test1.output | cat -e

Diff OK :D
= Test 2 ===================================================
$> ./s1v7r6tttv491dvk6wsx99hc "8Ci2dj3IcGZA1"
$> diff -U 3 user_output_test2 test2.output | cat -e

Diff OK :D
= Test 3 ===================================================
$> ./bfe6sooc3fm43p4cs92dwxa7 "5k1t"
$> diff -U 3 user_output_test3 test3.output | cat -e

Diff OK :D
= Test 4 ===================================================
$> ./pt27wetk2ie7ulskt774tagm "poZxf94q PRhbFL7Ofr1xj rAXF254timOJ0I8q 4lNucEVCYUPs dNV 59tDpOoju lcs ewcJ I2j5dwPml7 miLGopzUIbCsv SjrEzCc SeJYhgTkI xurljPv4 7hZF4Au eKA jGPlqgaLKX8Hty"
$> diff -U 3 user_output_test4 test4.output | cat -e

Diff OK :D
= Test 5 ===================================================
$> ./atok8fo4jv6c7mak1zg5y6yq "xRdKeHzqQkgyYpi3M bGMwfmaScBq s7jHB9QZJu6gr3 YOHmFosDVQvtefId KdhrPiFt9wE28Bmo jPX5r maZB8HJRwFdsc6zTQ EW7ekwYQ lZWE5j38 5zZxr wDoWqb04SsThC Wu2Mvd8kqBDntrQK u8ir fEdZVnGIWLw"
$> diff -U 3 user_output_test5 test5.output | cat -e

Diff OK :D
= Test 6 ===================================================
$> ./4zsm1gpemxtxygb6r5gsz9dx "KutQdrvz9fFE2Xox8" "tARl5vpuL1IbBHN" "zZM3B9p8bYoEq" "QqL" "dSEJumTRQXYoFxK" "QoduIO" "q5CXIu2YnTwpDW" "EHyBIC" "Fo4Z7QyTgGOm" "vzub" "unXharitvsB5RPH9" "1Mi8cAuWrzN" "fnqwR025KPIhbX" "20dK1DJ" "RHfCQLZuFq" "zHurVUXJPQWZ" "g6A1Z"
$> diff -U 3 user_output_test6 test6.output | cat -e

Diff OK :D
= Test 7 ===================================================
$> ./nux3wgrkxdncwv30b73ycszr "noMkw941DLjd" "RfOHWy6gi3G" "c1g60K2EaYtyQRZC" "8iy953s6vGWx" "ZguwUktrn0" "l50VTB" "WJFwb" "9WtnQF4k0" "dJp" "pswh3Tg" "DFlx68Hmr2yzcAT" "AiYjh0MP" "jfuv" "MXJ"
$> diff -U 3 user_output_test7 test7.output | cat -e

Diff OK :D
= Test 8 ===================================================
$> ./i4mw5ny73gh4is3lvzw8yyvz "CJnRrSwzPj8BYNIH" "7tJN" "jHyX70Ndv2KRt" "2BwFLy"
$> diff -U 3 user_output_test8 test8.output | cat -e

Diff OK :D
= Test 9 ===================================================
$> ./qp45dvifka5uq95gswljviks "V8xh9z qs2K0De9 rWgKf2xi9IuRp OfdrCjyxJLHo 68jfz0Y2ZGSDROH" "UdQvDVXq690BuR emCag1hLcrFUn57RZ xkXTU jxJNGiFfe PfOkuzhBtqLylSM NzTwqrbHIe91uCf8 Ngrf65vBZwqE YHR3 dkoT73PvLDtKYEZy y36xCdmTgXhDp8e9 pXB6aiYN25v4 efiL HkpYBhZI" "I7eCltuZBR 024gOTwb7jKBkV8iW Q7UeNGl5yjf3MYKaL uYANbEd3FtnSo P1zljv3aMdNbpR MUbGTyuf9Fckn J1um etjO8 hzX5dakJj"
$> diff -U 3 user_output_test9 test9.output | cat -e

Diff OK :D
= Test 10 ==================================================
$> ./by6xrfkyj238zsw9giqcsozt "Gxadbr6 A9s8U0mHN UlCSvw64Bk5fax8 bt4aJ vyqhDc1ji0uF3W Ra1DfxdseS96mN DXnIvPbMoi6pNC" "OsmhESwgjbZGfNz 7iJOlvGuNTZxP0 wIyDzVQMAs7t piYBTyn8urtOLNPW" "bzV AtWog4q g8dVtYpszLUB B2vEam10s YS6RD QKFkUteYyaM7G mZ34OX2Ut70fpKsI" "7JZsRUHK2Par JExaMFI0endO j9p XzyiHaTIAsrfRd0v HFVX8TNJtco2wgeC b3Awi 7iFcWnNLkzBQ93l 3OVfL6iHAR1 e82FXcBz YJsKzjwO i5sCG0Z78Wq" "69iYZ7JeTdKa0Azq5 NyQ6TEAkRmHZg bjKa7o8kfSmP3drQ1 Clg6SkiVj0N xniUfzlJmuZAQGY18 sZOG8BS bxSg7EZDfwGj DtV4nw Wif5 O1Atov DSF 0NapEtRYMe M9LvR3N" "NqMah9k FspZk5nIbhT OLgYhkoUF LG4ny hy34CbXdD skhrwB xDj9P5aCq8gucLn XaY7EWOUZH1xs"
$> diff -U 3 user_output_test10 test10.output | cat -e

Diff OK :D
= Test 11 ==================================================
$> ./cw7oly4i580m0jra604ygftk "CUHZrEmKWebtPzfNX 4kXbsBg7d qhS78vNcERyX NvQ29HRZcyA1 ywrXBzIFtTnW9 47YwU gpXbum8fG IDwZulYXmgn607 y9DrXv 3JFHW4V8Ad5 64wKH8Xnbe5RfME v1CHONf aDjb3TBFnxfCQwo8 oXKkFRsjHqt" "KAuNacomBOVj5zIM WOb l8MHCAjJ1 yaX4jlHLzGeb qIjWyzgJ79RZbm 5V6h3SHzNs ELHnJDrkPwaIz9Cl" "QtsZ7cUCK4wd UW4qjxITVSZvhQrk kAdejUG8FmC 3b7yd tr5oTyIqwOcWB2YM 46DgpTPjwM5SYo8R" "AvunxBeqET a0mBYnXoFzAj6S anJVNPvD0gU eUD FNfMo9V3IK PEZ M5IieutUjHAEZ9FN 50S6PoVONRTQKnHsI zi9lRuTUK3ZgeWp sniuW2aQy em1ZK8V20gfh5cMxd iVXa CdN2kbYLml3F5W K1GyRahB" "HVgb0hu ePQK pxb0FegsuT GmlE7ed Q1yMYHaEsurdZ h6cHmsf7CInOzlub 8tVe JmMA53BchoD2bl qsJ50CVGWeDctjz TCPvngW 8UTsWqNf41Ap7VB" "ImF0SW2oKYX1nu ELtdsrAWR tnc8 mz35FI wNJLyt Nqjo7u9 fpZoXiy0QEd" "avSB34Egx5Gml6 LbivFK BC3GUV0ux Pqomlcb906U ETqWYMRcew91hI0n2 CIcH8t97ha yBs56uYP7UzjZqhd b85f6RUwXdlsWq PolX UBeHPjlhTSM oOhvVq9w PLBC dPMf94osH3nE KMN2LBZbpT1h DSwVRNsGhA 80SQqJr4k INd2pGD3Z"
$> diff -U 3 user_output_test11 test11.output | cat -e

Diff OK :D
Grade: 1

= Final grade: 1 ===============================================================
