= Host-specific information ====================================================
$> hostname; uname -msr
e2r3p1.unit.ua
Darwin 17.0.0 x86_64
$> date
Fri Oct 13 13:59:42 EEST 2017
$> gcc --version
Configured with: --prefix=/Applications/Xcode.app/Contents/Developer/usr --with-gxx-include-dir=/Applications/Xcode.app/Contents/Developer/Platforms/MacOSX.platform/Developer/SDKs/MacOSX10.12.sdk/usr/include/c++/4.2.1
Apple LLVM version 8.1.0 (clang-802.0.42)
Target: x86_64-apple-darwin17.0.0
Thread model: posix
InstalledDir: /Applications/Xcode.app/Contents/Developer/Toolchains/XcodeDefault.xctoolchain/usr/bin
$> clang --version
Apple LLVM version 8.1.0 (clang-802.0.42)
Target: x86_64-apple-darwin17.0.0
Thread model: posix
InstalledDir: /Applications/Xcode.app/Contents/Developer/Toolchains/XcodeDefault.xctoolchain/usr/bin

= User files collection ========================================================
Collecting user files from Vogsphere
Repository URL: auto-exam/2017/piscine-c-exam-final/exam_20171013/vdzhanaz

= Git history ==================================================================
$> git -C /var/folders/kd/j44_hphx3jxgp3532yckt4g80000gp/T/tmpcmcLA2/user log --pretty='%H - %an, %ad : %s'
1999586425e4a10b7f9cf466b39590a3746ed777 - Exam 42, Fri Oct 13 13:59:11 2017 +0300 : pm
c2fe43af1fb159055e5b9143f8b80001a0fda055 - Exam 42, Fri Oct 13 12:52:21 2017 +0300 : list
7e672d880e3216ed70fa90c3f609b6f5f7403a62 - Exam 42, Fri Oct 13 11:43:54 2017 +0300 : hide
bbd4c5f50564a0abf4914da2e74bf4137f82e61a - Exam 42, Fri Oct 13 11:07:30 2017 +0300 : inter
6163bbd69d96eff1bdd4851c14a20d0dac83cd6f - Exam 42, Fri Oct 13 10:30:37 2017 +0300 : swap
8dde2766e56cd801cb47fb3ae40b64ce2dd76d69 - Exam 42, Fri Oct 13 10:17:11 2017 +0300 : alpha
 
= Collected files ==========================================
$> ls -lAR /var/folders/kd/j44_hphx3jxgp3532yckt4g80000gp/T/tmpcmcLA2/user
total 8
-rw-r--r--  1 deepthought  deepthought  1473 Oct 13 13:59 __GIT_HISTORY
drwxr-xr-x  4 deepthought  deepthought   136 Oct 13 13:59 ft_list_foreach
drwxr-xr-x  3 deepthought  deepthought   102 Oct 13 13:59 ft_swap
drwxr-xr-x  3 deepthought  deepthought   102 Oct 13 13:59 hidenp
drwxr-xr-x  3 deepthought  deepthought   102 Oct 13 13:59 inter
drwxr-xr-x  3 deepthought  deepthought   102 Oct 13 13:59 maff_alpha
drwxr-xr-x  3 deepthought  deepthought   102 Oct 13 13:59 print_memory

/var/folders/kd/j44_hphx3jxgp3532yckt4g80000gp/T/tmpcmcLA2/user/ft_list_foreach:
total 16
-rw-r--r--  1 deepthought  deepthought  1013 Oct 13 13:59 ft_list.h
-rw-r--r--  1 deepthought  deepthought  1063 Oct 13 13:59 ft_list_foreach.c

/var/folders/kd/j44_hphx3jxgp3532yckt4g80000gp/T/tmpcmcLA2/user/ft_swap:
total 8
-rw-r--r--  1 deepthought  deepthought  970 Oct 13 13:59 ft_swap.c

/var/folders/kd/j44_hphx3jxgp3532yckt4g80000gp/T/tmpcmcLA2/user/hidenp:
total 8
-rw-r--r--  1 deepthought  deepthought  1251 Oct 13 13:59 hidenp.c

/var/folders/kd/j44_hphx3jxgp3532yckt4g80000gp/T/tmpcmcLA2/user/inter:
total 8
-rw-r--r--  1 deepthought  deepthought  1331 Oct 13 13:59 inter.c

/var/folders/kd/j44_hphx3jxgp3532yckt4g80000gp/T/tmpcmcLA2/user/maff_alpha:
total 8
-rw-r--r--  1 deepthought  deepthought  1095 Oct 13 13:59 maff_alpha.c

/var/folders/kd/j44_hphx3jxgp3532yckt4g80000gp/T/tmpcmcLA2/user/print_memory:
total 8
-rw-r--r--  1 deepthought  deepthought  1627 Oct 13 13:59 print_memory.c
 
= print_memory =================================================================
$> gcc -Wextra -Wall -Werror print_memory.c main.c -o user_exe 

= Test 1 ===================================================
$> ./2hy73ur8l34ppgskrvsbpc8h
$> diff -U 3 user_output_test1 test1.output | cat -e
--- user_output_test1	2017-10-13 13:59:43.000000000 +0300$
+++ test1.output	2017-10-13 13:59:43.000000000 +0300$
@@ -3,7 +3,7 @@$
 0000 0000 0000 0000                     ........$
 0001 0203 0405 0607 0809 0a0b 0c0d 0e0f ................$
 1011 1213 1415 1617 1819 1a1b 1c1d 1e1f ................$
-2021 2223 2425 2627 2829 2a2b 2c2d 2e2f .!"#$%&'()*+,-./$
+2021 2223 2425 2627 2829 2a2b 2c2d 2e2f  !"#$%&'()*+,-./$
 3031 3233 3435 3637 3839 3a3b 3c3d 3e3f 0123456789:;<=>?$
 4041 4243 4445 4647 4849 4a4b 4c4d 4e4f @ABCDEFGHIJKLMNO$
 5051 5253 5455 5657 5859 5a5b 5c5d 5e5f PQRSTUVWXYZ[\]^_$

Diff KO :(
Grade: 0

= Final grade: 0 ===============================================================
