= Host-specific information ====================================================
$> hostname; uname -msr
e1r8p2.unit.ua
Darwin 15.5.0 x86_64
$> date
Fri Oct 13 16:06:24 EEST 2017
$> gcc --version
Configured with: --prefix=/Applications/Xcode.app/Contents/Developer/usr --with-gxx-include-dir=/usr/include/c++/4.2.1
Apple LLVM version 8.0.0 (clang-800.0.42.1)
Target: x86_64-apple-darwin15.5.0
Thread model: posix
InstalledDir: /Applications/Xcode.app/Contents/Developer/Toolchains/XcodeDefault.xctoolchain/usr/bin
$> clang --version
Apple LLVM version 8.0.0 (clang-800.0.42.1)
Target: x86_64-apple-darwin15.5.0
Thread model: posix
InstalledDir: /Applications/Xcode.app/Contents/Developer/Toolchains/XcodeDefault.xctoolchain/usr/bin

= User files collection ========================================================
Collecting user files from Vogsphere
Repository URL: auto-exam/2017/piscine-c-exam-final/exam_20171013/vdzhanaz

= Git history ==================================================================
$> git -C /var/folders/kh/3xmhw4c156v88056bn02n_6r0000gq/T/tmpGTwhS5/user log --pretty='%H - %an, %ad : %s'
aa55f68bf99b03f8c1f2cc43660102ed0cae9705 - Exam 42, Fri Oct 13 16:06:03 2017 +0300 : itoa
1999586425e4a10b7f9cf466b39590a3746ed777 - Exam 42, Fri Oct 13 13:59:11 2017 +0300 : pm
c2fe43af1fb159055e5b9143f8b80001a0fda055 - Exam 42, Fri Oct 13 12:52:21 2017 +0300 : list
7e672d880e3216ed70fa90c3f609b6f5f7403a62 - Exam 42, Fri Oct 13 11:43:54 2017 +0300 : hide
bbd4c5f50564a0abf4914da2e74bf4137f82e61a - Exam 42, Fri Oct 13 11:07:30 2017 +0300 : inter
6163bbd69d96eff1bdd4851c14a20d0dac83cd6f - Exam 42, Fri Oct 13 10:30:37 2017 +0300 : swap
8dde2766e56cd801cb47fb3ae40b64ce2dd76d69 - Exam 42, Fri Oct 13 10:17:11 2017 +0300 : alpha
 
= Collected files ==========================================
$> ls -lAR /var/folders/kh/3xmhw4c156v88056bn02n_6r0000gq/T/tmpGTwhS5/user
total 8
-rw-r--r--  1 deepthought  deepthought  1724 Oct 13 16:06 __GIT_HISTORY
drwxr-xr-x  3 deepthought  deepthought   102 Oct 13 16:06 ft_itoa_base
drwxr-xr-x  4 deepthought  deepthought   136 Oct 13 16:06 ft_list_foreach
drwxr-xr-x  3 deepthought  deepthought   102 Oct 13 16:06 ft_swap
drwxr-xr-x  3 deepthought  deepthought   102 Oct 13 16:06 hidenp
drwxr-xr-x  3 deepthought  deepthought   102 Oct 13 16:06 inter
drwxr-xr-x  3 deepthought  deepthought   102 Oct 13 16:06 maff_alpha
drwxr-xr-x  3 deepthought  deepthought   102 Oct 13 16:06 print_memory

/var/folders/kh/3xmhw4c156v88056bn02n_6r0000gq/T/tmpGTwhS5/user/ft_itoa_base:
total 8
-rw-r--r--  1 deepthought  deepthought  1576 Oct 13 16:06 ft_itoa_base.c

/var/folders/kh/3xmhw4c156v88056bn02n_6r0000gq/T/tmpGTwhS5/user/ft_list_foreach:
total 16
-rw-r--r--  1 deepthought  deepthought  1013 Oct 13 16:06 ft_list.h
-rw-r--r--  1 deepthought  deepthought  1063 Oct 13 16:06 ft_list_foreach.c

/var/folders/kh/3xmhw4c156v88056bn02n_6r0000gq/T/tmpGTwhS5/user/ft_swap:
total 8
-rw-r--r--  1 deepthought  deepthought  970 Oct 13 16:06 ft_swap.c

/var/folders/kh/3xmhw4c156v88056bn02n_6r0000gq/T/tmpGTwhS5/user/hidenp:
total 8
-rw-r--r--  1 deepthought  deepthought  1251 Oct 13 16:06 hidenp.c

/var/folders/kh/3xmhw4c156v88056bn02n_6r0000gq/T/tmpGTwhS5/user/inter:
total 8
-rw-r--r--  1 deepthought  deepthought  1331 Oct 13 16:06 inter.c

/var/folders/kh/3xmhw4c156v88056bn02n_6r0000gq/T/tmpGTwhS5/user/maff_alpha:
total 8
-rw-r--r--  1 deepthought  deepthought  1095 Oct 13 16:06 maff_alpha.c

/var/folders/kh/3xmhw4c156v88056bn02n_6r0000gq/T/tmpGTwhS5/user/print_memory:
total 8
-rw-r--r--  1 deepthought  deepthought  1627 Oct 13 16:06 print_memory.c
 
= ft_itoa_base =================================================================
$> gcc -Wextra -Wall -Werror ft_itoa_base.c main.c -o user_exe 

= Test 1 ===================================================
$> ./c30ylinbfube2rs7vc7zygch 
$> diff -U 3 user_output_test1 test1.output | cat -e

Diff OK :D
= Test 2 ===================================================
$> ./w09itcb2don5tby1xnlcngcu "21" "2313" "12"
$> diff -U 3 user_output_test2 test2.output | cat -e

Diff OK :D
= Test 3 ===================================================
$> ./drhjx653zrdn5od76uw1ywjc "2147483647" "10"
$> diff -U 3 user_output_test3 test3.output | cat -e

Diff OK :D
= Test 4 ===================================================
$> ./2e0kun1aqwym1whbko3cwrpe "-2147483648" "10"
$> diff -U 3 user_output_test4 test4.output | cat -e

Diff OK :D
= Test 5 ===================================================
$> ./rk1r76pojajoeqesklif09vv "0" "2"
$> diff -U 3 user_output_test5 test5.output | cat -e

Diff OK :D
= Test 6 ===================================================
$> ./c4g45czejh0fuss89eitr01a "--223" "10"
$> diff -U 3 user_output_test6 test6.output | cat -e

Diff OK :D
= Test 7 ===================================================
$> ./82se6si0dzp6nzt306yleyb2 "1356072391" "8"
$> diff -U 3 user_output_test7 test7.output | cat -e

Diff OK :D
= Test 8 ===================================================
$> ./w1f5h75kd4lrv0tqo48wnkph "477817288" "8"
$> diff -U 3 user_output_test8 test8.output | cat -e

Diff OK :D
= Test 9 ===================================================
$> ./rtxqe1v5exoibv4p5nx8jwh1 "1296057886" "10"
$> diff -U 3 user_output_test9 test9.output | cat -e

Diff OK :D
= Test 10 ==================================================
$> ./z9wth525vy5gibznnooypchh "656484080" "11"
$> diff -U 3 user_output_test10 test10.output | cat -e

Diff OK :D
= Test 11 ==================================================
$> ./bsu4gcmz805yh72tlznx4ayo "1028705801" "12"
$> diff -U 3 user_output_test11 test11.output | cat -e

Diff OK :D
= Test 12 ==================================================
$> ./6i9tmifq0plqsod99znbd6am "1064081934" "9"
$> diff -U 3 user_output_test12 test12.output | cat -e

Diff OK :D
= Test 13 ==================================================
$> ./4791nl15arlcegsbimncj663 "742534895" "12"
$> diff -U 3 user_output_test13 test13.output | cat -e

Diff OK :D
= Test 14 ==================================================
$> ./sqc2bdvuj8e9c0jw8n2ao9oj "1269401263" "12"
$> diff -U 3 user_output_test14 test14.output | cat -e

Diff OK :D
= Test 15 ==================================================
$> ./ib39g5d9uq4qi3gdcwgkbeeh "1661279807" "6"
$> diff -U 3 user_output_test15 test15.output | cat -e

Diff OK :D
= Test 16 ==================================================
$> ./b7vzfq6zzz1fqzh197dq1wfb "803536908" "2"
$> diff -U 3 user_output_test16 test16.output | cat -e
--- user_output_test16	2017-10-13 16:06:27.000000000 +0300$
+++ test16.output	2017-10-13 16:06:27.000000000 +0300$
@@ -1 +1 @@$
-$
+101111111001010000000000001100$

Diff KO :(
Grade: 0

= Final grade: 0 ===============================================================
